TN:
SF:/Users/roman/tic-tac-toe/app.js
FN:15,checkDBConnection
FN:22,(anonymous_2)
FN:34,(anonymous_3)
FN:41,(anonymous_4)
FN:48,(anonymous_5)
FNF:5
FNH:2
FNDA:1,checkDBConnection
FNDA:23,(anonymous_2)
FNDA:0,(anonymous_3)
FNDA:0,(anonymous_4)
FNDA:0,(anonymous_5)
DA:1,1
DA:2,1
DA:3,1
DA:4,1
DA:5,1
DA:7,1
DA:8,1
DA:11,1
DA:12,1
DA:13,1
DA:15,1
DA:16,1
DA:19,1
DA:20,1
DA:23,23
DA:25,23
DA:32,1
DA:35,0
DA:37,0
DA:42,0
DA:43,0
DA:44,0
DA:48,1
DA:50,0
DA:51,0
DA:52,0
DA:55,0
DA:56,0
LF:28
LH:18
BRDA:12,0,0,1
BRDA:12,0,1,0
BRDA:52,1,0,0
BRDA:52,1,1,0
BRDA:55,2,0,0
BRDA:55,2,1,0
BRF:6
BRH:1
end_of_record
TN:
SF:/Users/roman/tic-tac-toe/knexfile.js
FNF:0
FNH:0
DA:2,1
DA:4,1
LF:2
LH:2
BRF:0
BRH:0
end_of_record
TN:
SF:/Users/roman/tic-tac-toe/controllers/game.controller.js
FN:5,(anonymous_1)
FN:16,(anonymous_2)
FN:50,(anonymous_3)
FN:83,(anonymous_4)
FN:142,(anonymous_5)
FN:197,(anonymous_6)
FN:198,(anonymous_7)
FN:200,(anonymous_8)
FN:231,(anonymous_9)
FN:259,getGameStatus
FN:269,(anonymous_11)
FN:310,generateMoveIndex
FNF:12
FNH:12
FNDA:1,(anonymous_1)
FNDA:3,(anonymous_2)
FNDA:3,(anonymous_3)
FNDA:5,(anonymous_4)
FNDA:11,(anonymous_5)
FNDA:45,(anonymous_6)
FNDA:45,(anonymous_7)
FNDA:44,(anonymous_8)
FNDA:9,(anonymous_9)
FNDA:4,getGameStatus
FNDA:18,(anonymous_11)
FNDA:4,generateMoveIndex
DA:1,1
DA:2,1
DA:5,1
DA:6,1
DA:7,1
DA:9,1
DA:11,0
DA:16,1
DA:17,3
DA:18,3
DA:20,3
DA:21,1
DA:24,1
DA:27,2
DA:32,2
DA:33,1
DA:35,1
DA:38,1
DA:41,1
DA:43,0
DA:46,0
DA:50,1
DA:51,3
DA:52,3
DA:54,3
DA:55,1
DA:58,1
DA:61,2
DA:63,2
DA:64,1
DA:66,1
DA:68,1
DA:71,1
DA:74,1
DA:76,0
DA:79,0
DA:83,1
DA:84,5
DA:85,5
DA:87,5
DA:88,1
DA:91,1
DA:94,4
DA:95,1
DA:98,1
DA:101,3
DA:103,3
DA:104,1
DA:107,1
DA:110,2
DA:112,2
DA:113,1
DA:116,1
DA:119,1
DA:121,1
DA:122,1
DA:124,1
DA:132,1
DA:134,1
DA:137,0
DA:142,1
DA:143,11
DA:144,11
DA:145,11
DA:147,11
DA:148,1
DA:151,1
DA:154,10
DA:155,1
DA:158,1
DA:161,9
DA:162,1
DA:165,1
DA:168,8
DA:170,8
DA:171,1
DA:174,1
DA:177,7
DA:179,7
DA:180,1
DA:183,1
DA:186,6
DA:188,6
DA:189,1
DA:192,1
DA:195,5
DA:196,5
DA:197,45
DA:198,45
DA:200,5
DA:201,44
DA:204,5
DA:205,1
DA:208,1
DA:211,4
DA:212,0
DA:215,0
DA:219,4
DA:220,1
DA:223,1
DA:226,3
DA:228,3
DA:229,1
DA:231,1
DA:232,9
DA:233,3
DA:237,1
DA:238,1
DA:239,1
DA:242,3
DA:250,3
DA:253,0
DA:260,4
DA:262,4
DA:263,2
DA:266,2
DA:267,2
DA:269,2
DA:270,18
DA:271,8
DA:272,10
DA:273,6
DA:277,2
DA:287,1
DA:290,1
DA:300,0
DA:303,1
DA:304,1
DA:307,0
DA:311,4
DA:312,4
LF:131
LH:120
BRDA:20,0,0,1
BRDA:20,0,1,2
BRDA:20,1,0,3
BRDA:20,1,1,3
BRDA:32,2,0,1
BRDA:32,2,1,1
BRDA:54,3,0,1
BRDA:54,3,1,2
BRDA:54,4,0,3
BRDA:54,4,1,3
BRDA:63,5,0,1
BRDA:63,5,1,1
BRDA:87,6,0,1
BRDA:87,6,1,4
BRDA:94,7,0,1
BRDA:94,7,1,3
BRDA:94,8,0,4
BRDA:94,8,1,4
BRDA:103,9,0,1
BRDA:103,9,1,2
BRDA:112,10,0,1
BRDA:112,10,1,1
BRDA:122,11,0,1
BRDA:122,11,1,0
BRDA:132,12,0,0
BRDA:132,13,0,0
BRDA:147,14,0,1
BRDA:147,14,1,10
BRDA:147,15,0,11
BRDA:147,15,1,11
BRDA:154,16,0,1
BRDA:154,16,1,9
BRDA:161,17,0,1
BRDA:161,17,1,8
BRDA:161,18,0,9
BRDA:161,18,1,9
BRDA:170,19,0,1
BRDA:170,19,1,7
BRDA:179,20,0,1
BRDA:179,20,1,6
BRDA:188,21,0,1
BRDA:188,21,1,5
BRDA:201,22,0,44
BRDA:201,22,1,17
BRDA:204,23,0,1
BRDA:204,23,1,4
BRDA:211,24,0,0
BRDA:211,24,1,4
BRDA:219,25,0,1
BRDA:219,25,1,3
BRDA:219,26,0,4
BRDA:219,26,1,2
BRDA:219,26,2,4
BRDA:219,26,3,2
BRDA:228,27,0,1
BRDA:228,27,1,2
BRDA:232,28,0,3
BRDA:232,28,1,6
BRDA:238,29,0,0
BRDA:238,29,1,1
BRDA:262,30,0,2
BRDA:262,30,1,2
BRDA:270,31,0,8
BRDA:270,31,1,10
BRDA:272,32,0,6
BRDA:272,32,1,4
BRDA:277,33,0,1
BRDA:277,33,1,1
BRDA:278,34,0,2
BRDA:278,34,1,1
BRDA:278,34,2,1
BRDA:278,34,3,1
BRDA:278,34,4,1
BRDA:278,34,5,1
BRDA:278,34,6,1
BRDA:278,34,7,1
BRDA:290,35,0,0
BRDA:290,35,1,1
BRDA:291,36,0,1
BRDA:291,36,1,1
BRDA:291,36,2,1
BRDA:291,36,3,1
BRDA:291,36,4,1
BRDA:291,36,5,1
BRDA:291,36,6,1
BRDA:291,36,7,1
BRDA:303,37,0,1
BRDA:303,37,1,0
BRDA:312,38,0,2
BRDA:312,38,1,2
BRF:90
BRH:83
end_of_record
TN:
SF:/Users/roman/tic-tac-toe/routes/v1.js
FNF:0
FNH:0
DA:1,1
DA:3,1
DA:11,1
DA:13,1
DA:15,1
DA:17,1
DA:19,1
DA:21,1
LF:8
LH:8
BRF:0
BRH:0
end_of_record
